<?xml version="1.0" encoding="UTF-8"?>
<testsuite xmlns:xsi="http://www.w3.org/2001/XMLSchema-instance" xsi:noNamespaceSchemaLocation="https://maven.apache.org/surefire/maven-surefire-plugin/xsd/surefire-test-report.xsd" name="runners.Runner" time="30.365" tests="2" errors="0" skipped="0" failures="0">
  <properties>
[...]
</properties>
  <testcase name="Timeout handling for pages" classname="Handling timeouts for pages and iframes" time="16.716"/>
  <testcase name="Timeout handling for iFrames" classname="Handling timeouts for pages and iframes" time="12.727"/>
</testsuite>